[2021-12-03T16:16:35.897] [ERROR] GelexEmic-2110007723 - [Arguments] {
  '0': {
    status: 'OK',
    deviceID: 'GelexEmic-2110007723',
    timestamp: 1632407737,
    timestamp_format: '2021-09-23 14:35:37',
    deviceInfo: {
      manufacturer: null,
      model: null,
      serialNumber: null,
      modbusUnitID: null
    },
    payload: {
      activeEnergyExport: 200,
      activeEnergyExportRate1: 100,
      activeEnergyExportRate2: 100,
      activeEnergyExportRate3: 100,
      activeEnergyImport: 100,
      activeEnergyImportRate1: 100,
      activeEnergyImportRate2: 100,
      activeEnergyImportRate3: 100,
      reactiveEnergyExport: 100,
      reactiveEnergyImport: 100,
      voltagePhaseA: 100,
      voltagePhaseB: 100,
      voltagePhaseC: 100,
      currentPhaseA: 100,
      currentPhaseB: 100,
      currentPhaseC: 100,
      powerFactor: 100
    },
    action: 'getDataRaw',
    lang: 'vi',
    lang_default: 'vi'
  }
}
